#
# There is insufficient memory for the Java Runtime Environment to continue.
# Native memory allocation (malloc) failed to allocate 1048576 bytes for AllocateHeap
# Possible reasons:
#   The system is out of physical RAM or swap space
#   The process is running with CompressedOops enabled, and the Java Heap may be blocking the growth of the native heap
# Possible solutions:
#   Reduce memory load on the system
#   Increase physical memory or swap space
#   Check if swap backing store is full
#   Decrease Java heap size (-Xmx/-Xms)
#   Decrease number of Java threads
#   Decrease Java thread stack sizes (-Xss)
#   Set larger code cache with -XX:ReservedCodeCacheSize=
#   JVM is running with Unscaled Compressed Oops mode in which the Java heap is
#     placed in the first 4GB address space. The Java Heap base address is the
#     maximum limit for the native heap growth. Please use -XX:HeapBaseMinAddress
#     to set the Java Heap base and to place the Java Heap above 4GB virtual address.
# This output file may be truncated or incomplete.
#
#  Out of Memory Error (allocation.cpp:44), pid=15232, tid=14052
#
# JRE version: OpenJDK Runtime Environment Temurin-17.0.10+7 (17.0.10+7) (build 17.0.10+7)
# Java VM: OpenJDK 64-Bit Server VM Temurin-17.0.10+7 (17.0.10+7, mixed mode, emulated-client, tiered, compressed oops, compressed class ptrs, g1 gc, windows-amd64)
# No core dump will be written. Minidumps are not enabled by default on client versions of Windows
#

---------------  S U M M A R Y ------------

Command Line: -XX:+HeapDumpOnOutOfMemoryError -Xmx1024m -Dsts.lsp.client=vscode -Dsts.log.file=/dev/null -XX:TieredStopAtLevel=1 -Xlog:jni+resolve=off -Dspring.config.location=file:c:\Users\os\.vscode\extensions\vmware.vscode-spring-boot-1.53.0\language-server\BOOT-INF\classes\application.properties org.springframework.ide.vscode.boot.app.BootLanguageServerBootApp

Host: Intel(R) Core(TM) i5-6300U CPU @ 2.40GHz, 4 cores, 7G,  Windows 10 , 64 bit Build 19041 (10.0.19041.3636)
Time: Sat Apr 27 12:33:56 2024 India Standard Time elapsed time: 45645.077724 seconds (0d 12h 40m 45s)

---------------  T H R E A D  ---------------

Current thread (0x00000213751b88b0):  VMThread "VM Thread" [stack: 0x000000dfcac00000,0x000000dfcad00000] [id=14052]

Stack: [0x000000dfcac00000,0x000000dfcad00000]
Native frames: (J=compiled Java code, j=interpreted, Vv=VM code, C=native code)
V  [jvm.dll+0x67d2c9]
V  [jvm.dll+0x834afa]
V  [jvm.dll+0x8365be]
V  [jvm.dll+0x836c23]
V  [jvm.dll+0x2477ff]
V  [jvm.dll+0xa6c93]
V  [jvm.dll+0x2f8663]
V  [jvm.dll+0x2f42e0]
V  [jvm.dll+0x2dc8c7]
V  [jvm.dll+0x31fb87]
V  [jvm.dll+0x83b11b]
V  [jvm.dll+0x83be61]
V  [jvm.dll+0x83c37d]
V  [jvm.dll+0x83c754]
V  [jvm.dll+0x83c820]
V  [jvm.dll+0x7e3fba]
V  [jvm.dll+0x67c1b5]
C  [ucrtbase.dll+0x21bb2]
C  [KERNEL32.DLL+0x17344]
C  [ntdll.dll+0x526b1]

VM_Operation (0x000000dfcbbfef70): G1CollectFull, mode: safepoint, requested by thread 0x000002137a1df330


---------------  P R O C E S S  ---------------

Threads class SMR info:
_java_thread_list=0x000002137bf5b520, length=23, elements={
0x00000213751cd730, 0x00000213751ce4c0, 0x000002137520f010, 0x000002137520fda0,
0x0000021375213790, 0x0000021375214060, 0x00000213752149e0, 0x0000021375340430,
0x000002137551a930, 0x0000021375533010, 0x000002137ab606f0, 0x000002137a1df330,
0x000002137a7fd450, 0x000002136ac5a300, 0x000002137ac81520, 0x000002137ac9bed0,
0x0000021375d40990, 0x0000021375d40ea0, 0x0000021375d413b0, 0x0000021375d40480,
0x0000021375d42d00, 0x0000021375d43210, 0x000002137ad76940
}

Java Threads: ( => current thread )
  0x00000213751cd730 JavaThread "Reference Handler" daemon [_thread_blocked, id=6536, stack(0x000000dfcad00000,0x000000dfcae00000)]
  0x00000213751ce4c0 JavaThread "Finalizer" daemon [_thread_blocked, id=15276, stack(0x000000dfcae00000,0x000000dfcaf00000)]
  0x000002137520f010 JavaThread "Signal Dispatcher" daemon [_thread_blocked, id=2224, stack(0x000000dfcaf00000,0x000000dfcb000000)]
  0x000002137520fda0 JavaThread "Attach Listener" daemon [_thread_blocked, id=2220, stack(0x000000dfcb000000,0x000000dfcb100000)]
  0x0000021375213790 JavaThread "Service Thread" daemon [_thread_blocked, id=4060, stack(0x000000dfcb100000,0x000000dfcb200000)]
  0x0000021375214060 JavaThread "Monitor Deflation Thread" daemon [_thread_blocked, id=3156, stack(0x000000dfcb200000,0x000000dfcb300000)]
  0x00000213752149e0 JavaThread "C1 CompilerThread0" daemon [_thread_blocked, id=4620, stack(0x000000dfcb300000,0x000000dfcb400000)]
  0x0000021375340430 JavaThread "Sweeper thread" daemon [_thread_blocked, id=13028, stack(0x000000dfcb400000,0x000000dfcb500000)]
  0x000002137551a930 JavaThread "Notification Thread" daemon [_thread_blocked, id=7276, stack(0x000000dfcb700000,0x000000dfcb800000)]
  0x0000021375533010 JavaThread "Common-Cleaner" daemon [_thread_blocked, id=11600, stack(0x000000dfcb900000,0x000000dfcba00000)]
  0x000002137ab606f0 JavaThread "boundedElastic-evictor-1" daemon [_thread_blocked, id=14576, stack(0x000000dfcb600000,0x000000dfcb700000)]
  0x000002137a1df330 JavaThread "pool-13-thread-1" [_thread_blocked, id=2348, stack(0x000000dfcbb00000,0x000000dfcbc00000)]
  0x000002137a7fd450 JavaThread "LanguageServerApp-lifecycle" [_thread_blocked, id=11452, stack(0x000000dfcbc00000,0x000000dfcbd00000)]
  0x000002136ac5a300 JavaThread "DestroyJavaVM" [_thread_blocked, id=11116, stack(0x000000dfca600000,0x000000dfca700000)]
  0x000002137ac81520 JavaThread "pool-14-thread-1" [_thread_in_native, id=10668, stack(0x000000dfcbd00000,0x000000dfcbe00000)]
  0x000002137ac9bed0 JavaThread "Simple-Language-Server main thread" daemon [_thread_blocked, id=14592, stack(0x000000dfcbe00000,0x000000dfcbf00000)]
  0x0000021375d40990 JavaThread "parallel-1" daemon [_thread_blocked, id=15904, stack(0x000000dfcc300000,0x000000dfcc400000)]
  0x0000021375d40ea0 JavaThread "parallel-2" daemon [_thread_blocked, id=2432, stack(0x000000dfcc400000,0x000000dfcc500000)]
  0x0000021375d413b0 JavaThread "pool-8-thread-1" [_thread_blocked, id=7092, stack(0x000000dfcc500000,0x000000dfcc600000)]
  0x0000021375d40480 JavaThread "parallel-3" daemon [_thread_blocked, id=8544, stack(0x000000dfcc600000,0x000000dfcc700000)]
  0x0000021375d42d00 JavaThread "parallel-4" daemon [_thread_blocked, id=1664, stack(0x000000dfcc700000,0x000000dfcc800000)]
  0x0000021375d43210 JavaThread "pool-6-thread-1" [_thread_blocked, id=14636, stack(0x000000dfcc800000,0x000000dfcc900000)]
  0x000002137ad76940 JavaThread "Reconciler-1" daemon [_thread_blocked, id=2092, stack(0x000000dfcd300000,0x000000dfcd400000)]

Other Threads:
=>0x00000213751b88b0 VMThread "VM Thread" [stack: 0x000000dfcac00000,0x000000dfcad00000] [id=14052]
  0x0000021375155970 WatcherThread [stack: 0x000000dfcb800000,0x000000dfcb900000] [id=14108]
  0x000002136ac970b0 GCTaskThread "GC Thread#0" [stack: 0x000000dfca700000,0x000000dfca800000] [id=13968]
  0x0000021375bd0cc0 GCTaskThread "GC Thread#1" [stack: 0x000000dfca300000,0x000000dfca400000] [id=15064]
  0x0000021375856590 GCTaskThread "GC Thread#2" [stack: 0x000000dfcb500000,0x000000dfcb600000] [id=10596]
  0x000002137545c2d0 GCTaskThread "GC Thread#3" [stack: 0x000000dfcba00000,0x000000dfcbb00000] [id=220]
  0x000002136ac9ff10 ConcurrentGCThread "G1 Main Marker" [stack: 0x000000dfca800000,0x000000dfca900000] [id=7812]
  0x000002136aca0840 ConcurrentGCThread "G1 Conc#0" [stack: 0x000000dfca900000,0x000000dfcaa00000] [id=14560]
  0x000002136ad05a90 ConcurrentGCThread "G1 Refine#0" [stack: 0x000000dfcaa00000,0x000000dfcab00000] [id=11384]
  0x0000021375c79d50 ConcurrentGCThread "G1 Refine#1" [stack: 0x000000dfcd200000,0x000000dfcd300000] [id=15744]
  0x000002136ad063d0 ConcurrentGCThread "G1 Service" [stack: 0x000000dfcab00000,0x000000dfcac00000] [id=15896]

Threads with active compile tasks:

VM state: at safepoint (normal execution)

VM Mutex/Monitor currently owned by a thread:  ([mutex/lock_event])
[0x00000213689fc8d0] Threads_lock - owner thread: 0x00000213751b88b0
[0x000002136ac59510] Heap_lock - owner thread: 0x000002137a1df330

Heap address: 0x00000000c0000000, size: 1024 MB, Compressed Oops mode: 32-bit

CDS archive(s) not mapped
Compressed class space mapped at: 0x0000000100000000-0x0000000140000000, reserved size: 1073741824
Narrow klass base: 0x0000000000000000, Narrow klass shift: 3, Narrow klass range: 0x140000000

GC Precious Log:
 CPUs: 4 total, 4 available
 Memory: 8071M
 Large Page Support: Disabled
 NUMA Support: Disabled
 Compressed Oops: Enabled (32-bit)
 Heap Region Size: 1M
 Heap Min Capacity: 8M
 Heap Initial Capacity: 128M
 Heap Max Capacity: 1G
 Pre-touch: Disabled
 Parallel Workers: 4
 Concurrent Workers: 1
 Concurrent Refinement Workers: 4
 Periodic GC: Disabled

Heap:
 garbage-first heap   total 130048K, used 38614K [0x00000000c0000000, 0x0000000100000000)
  region size 1024K, 1 young (1024K), 0 survivors (0K)
 Metaspace       used 60001K, committed 60416K, reserved 1114112K
  class space    used 7497K, committed 7680K, reserved 1048576K

Heap Regions: E=young(eden), S=young(survivor), O=old, HS=humongous(starts), HC=humongous(continues), CS=collection set, F=free, OA=open archive, CA=closed archive, TAMS=top-at-mark-start (previous, next)
|   0|0x00000000c0000000, 0x00000000c0100000, 0x00000000c0100000|100%|HS|  |TAMS 0x00000000c0100000, 0x00000000c0000000| Untracked 
|   1|0x00000000c0100000, 0x00000000c0200000, 0x00000000c0200000|100%|HC|  |TAMS 0x00000000c0200000, 0x00000000c0100000| Untracked 
|   2|0x00000000c0200000, 0x00000000c0300000, 0x00000000c0300000|100%|HC|  |TAMS 0x00000000c0300000, 0x00000000c0200000| Untracked 
|   3|0x00000000c0300000, 0x00000000c0400000, 0x00000000c0400000|100%|HC|  |TAMS 0x00000000c0400000, 0x00000000c0300000| Untracked 
|   4|0x00000000c0400000, 0x00000000c0500000, 0x00000000c0500000|100%| O|  |TAMS 0x00000000c0500000, 0x00000000c0400000| Untracked 
|   5|0x00000000c0500000, 0x00000000c05fffd8, 0x00000000c0600000| 99%| O|  |TAMS 0x00000000c05fffd8, 0x00000000c0500000| Untracked 
|   6|0x00000000c0600000, 0x00000000c06fff80, 0x00000000c0700000| 99%| O|  |TAMS 0x00000000c06fff80, 0x00000000c0600000| Untracked 
|   7|0x00000000c0700000, 0x00000000c07ffff8, 0x00000000c0800000| 99%| O|  |TAMS 0x00000000c07ffff8, 0x00000000c0700000| Untracked 
|   8|0x00000000c0800000, 0x00000000c0900000, 0x00000000c0900000|100%| O|  |TAMS 0x00000000c0900000, 0x00000000c0800000| Untracked 
|   9|0x00000000c0900000, 0x00000000c0a00000, 0x00000000c0a00000|100%| O|  |TAMS 0x00000000c0a00000, 0x00000000c0900000| Untracked 
|  10|0x00000000c0a00000, 0x00000000c0b00000, 0x00000000c0b00000|100%|HS|  |TAMS 0x00000000c0b00000, 0x00000000c0a00000| Untracked 
|  11|0x00000000c0b00000, 0x00000000c0c00000, 0x00000000c0c00000|100%|HC|  |TAMS 0x00000000c0c00000, 0x00000000c0b00000| Untracked 
|  12|0x00000000c0c00000, 0x00000000c0d00000, 0x00000000c0d00000|100%| O|  |TAMS 0x00000000c0d00000, 0x00000000c0c00000| Untracked 
|  13|0x00000000c0d00000, 0x00000000c0dfffd8, 0x00000000c0e00000| 99%| O|  |TAMS 0x00000000c0dfffd8, 0x00000000c0d00000| Untracked 
|  14|0x00000000c0e00000, 0x00000000c0f00000, 0x00000000c0f00000|100%| O|  |TAMS 0x00000000c0f00000, 0x00000000c0e00000| Untracked 
|  15|0x00000000c0f00000, 0x00000000c1000000, 0x00000000c1000000|100%| O|  |TAMS 0x00000000c1000000, 0x00000000c0f00000| Untracked 
|  16|0x00000000c1000000, 0x00000000c10fffd0, 0x00000000c1100000| 99%| O|  |TAMS 0x00000000c10fffd0, 0x00000000c1000000| Untracked 
|  17|0x00000000c1100000, 0x00000000c11fffc8, 0x00000000c1200000| 99%| O|  |TAMS 0x00000000c11fffc8, 0x00000000c1100000| Untracked 
|  18|0x00000000c1200000, 0x00000000c12fff18, 0x00000000c1300000| 99%| O|  |TAMS 0x00000000c12fff18, 0x00000000c1200000| Untracked 
|  19|0x00000000c1300000, 0x00000000c1400000, 0x00000000c1400000|100%| O|  |TAMS 0x00000000c1400000, 0x00000000c1300000| Untracked 
|  20|0x00000000c1400000, 0x00000000c14ffff0, 0x00000000c1500000| 99%| O|  |TAMS 0x00000000c14ffff0, 0x00000000c1400000| Untracked 
|  21|0x00000000c1500000, 0x00000000c1600000, 0x00000000c1600000|100%| O|  |TAMS 0x00000000c1600000, 0x00000000c1500000| Untracked 
|  22|0x00000000c1600000, 0x00000000c16ffff8, 0x00000000c1700000| 99%| O|  |TAMS 0x00000000c16ffff8, 0x00000000c1600000| Untracked 
|  23|0x00000000c1700000, 0x00000000c1800000, 0x00000000c1800000|100%|HS|  |TAMS 0x00000000c1800000, 0x00000000c1700000| Untracked 
|  24|0x00000000c1800000, 0x00000000c18fffa0, 0x00000000c1900000| 99%| O|  |TAMS 0x00000000c18fffa0, 0x00000000c1800000| Untracked 
|  25|0x00000000c1900000, 0x00000000c19fadd0, 0x00000000c1a00000| 97%| O|  |TAMS 0x00000000c19fadd0, 0x00000000c1900000| Untracked 
|  26|0x00000000c1a00000, 0x00000000c1affff0, 0x00000000c1b00000| 99%| O|  |TAMS 0x00000000c1affff0, 0x00000000c1a00000| Untracked 
|  27|0x00000000c1b00000, 0x00000000c1c00000, 0x00000000c1c00000|100%| O|  |TAMS 0x00000000c1c00000, 0x00000000c1b00000| Untracked 
|  28|0x00000000c1c00000, 0x00000000c1cfffd8, 0x00000000c1d00000| 99%| O|  |TAMS 0x00000000c1cfffd8, 0x00000000c1c00000| Untracked 
|  29|0x00000000c1d00000, 0x00000000c1df8f80, 0x00000000c1e00000| 97%| O|  |TAMS 0x00000000c1df8f80, 0x00000000c1d00000| Untracked 
|  30|0x00000000c1e00000, 0x00000000c1f00000, 0x00000000c1f00000|100%| O|  |TAMS 0x00000000c1f00000, 0x00000000c1e00000| Untracked 
|  31|0x00000000c1f00000, 0x00000000c1ffffe0, 0x00000000c2000000| 99%| O|  |TAMS 0x00000000c1ffffe0, 0x00000000c1f00000| Untracked 
|  32|0x00000000c2000000, 0x00000000c2100000, 0x00000000c2100000|100%| O|  |TAMS 0x00000000c2100000, 0x00000000c2000000| Untracked 
|  33|0x00000000c2100000, 0x00000000c21ffff8, 0x00000000c2200000| 99%| O|  |TAMS 0x00000000c21ffff8, 0x00000000c2100000| Untracked 
|  34|0x00000000c2200000, 0x00000000c22ddee0, 0x00000000c2300000| 86%| O|  |TAMS 0x00000000c2200000, 0x00000000c2200000| Untracked 
|  35|0x00000000c2300000, 0x00000000c23e3b70, 0x00000000c2400000| 88%| O|  |TAMS 0x00000000c2300000, 0x00000000c2300000| Untracked 
|  36|0x00000000c2400000, 0x00000000c2400678, 0x00000000c2500000|  0%| O|  |TAMS 0x00000000c2400000, 0x00000000c2400000| Untracked 
|  37|0x00000000c2500000, 0x00000000c2600000, 0x00000000c2600000|100%| O|  |TAMS 0x00000000c2600000, 0x00000000c2500000| Untracked 
|  38|0x00000000c2600000, 0x00000000c26fffd0, 0x00000000c2700000| 99%| O|  |TAMS 0x00000000c26fffd0, 0x00000000c2600000| Untracked 
|  39|0x00000000c2700000, 0x00000000c2700000, 0x00000000c2800000|  0%| F|  |TAMS 0x00000000c2700000, 0x00000000c2700000| Untracked 
|  40|0x00000000c2800000, 0x00000000c2800000, 0x00000000c2900000|  0%| F|  |TAMS 0x00000000c2800000, 0x00000000c2800000| Untracked 
|  41|0x00000000c2900000, 0x00000000c2900000, 0x00000000c2a00000|  0%| F|  |TAMS 0x00000000c2900000, 0x00000000c2900000| Untracked 
|  42|0x00000000c2a00000, 0x00000000c2a00000, 0x00000000c2b00000|  0%| F|  |TAMS 0x00000000c2a00000, 0x00000000c2a00000| Untracked 
|  43|0x00000000c2b00000, 0x00000000c2b00000, 0x00000000c2c00000|  0%| F|  |TAMS 0x00000000c2b00000, 0x00000000c2b00000| Untracked 
|  44|0x00000000c2c00000, 0x00000000c2c00000, 0x00000000c2d00000|  0%| F|  |TAMS 0x00000000c2c00000, 0x00000000c2c00000| Untracked 
|  45|0x00000000c2d00000, 0x00000000c2d00000, 0x00000000c2e00000|  0%| F|  |TAMS 0x00000000c2d00000, 0x00000000c2d00000| Untracked 
|  46|0x00000000c2e00000, 0x00000000c2e00000, 0x00000000c2f00000|  0%| F|  |TAMS 0x00000000c2e00000, 0x00000000c2e00000| Untracked 
|  47|0x00000000c2f00000, 0x00000000c2f00000, 0x00000000c3000000|  0%| F|  |TAMS 0x00000000c2f00000, 0x00000000c2f00000| Untracked 
|  48|0x00000000c3000000, 0x00000000c3000000, 0x00000000c3100000|  0%| F|  |TAMS 0x00000000c3000000, 0x00000000c3000000| Untracked 
|  49|0x00000000c3100000, 0x00000000c3100000, 0x00000000c3200000|  0%| F|  |TAMS 0x00000000c3100000, 0x00000000c3100000| Untracked 
|  50|0x00000000c3200000, 0x00000000c3200000, 0x00000000c3300000|  0%| F|  |TAMS 0x00000000c3200000, 0x00000000c3200000| Untracked 
|  51|0x00000000c3300000, 0x00000000c3300000, 0x00000000c3400000|  0%| F|  |TAMS 0x00000000c3300000, 0x00000000c3300000| Untracked 
|  52|0x00000000c3400000, 0x00000000c3400000, 0x00000000c3500000|  0%| F|  |TAMS 0x00000000c3400000, 0x00000000c3400000| Untracked 
|  53|0x00000000c3500000, 0x00000000c3500000, 0x00000000c3600000|  0%| F|  |TAMS 0x00000000c3500000, 0x00000000c3500000| Untracked 
|  54|0x00000000c3600000, 0x00000000c3600000, 0x00000000c3700000|  0%| F|  |TAMS 0x00000000c3600000, 0x00000000c3600000| Untracked 
|  55|0x00000000c3700000, 0x00000000c3700000, 0x00000000c3800000|  0%| F|  |TAMS 0x00000000c3700000, 0x00000000c3700000| Untracked 
|  56|0x00000000c3800000, 0x00000000c3800000, 0x00000000c3900000|  0%| F|  |TAMS 0x00000000c3800000, 0x00000000c3800000| Untracked 
|  57|0x00000000c3900000, 0x00000000c3900000, 0x00000000c3a00000|  0%| F|  |TAMS 0x00000000c3900000, 0x00000000c3900000| Untracked 
|  58|0x00000000c3a00000, 0x00000000c3a00000, 0x00000000c3b00000|  0%| F|  |TAMS 0x00000000c3a00000, 0x00000000c3a00000| Untracked 
|  59|0x00000000c3b00000, 0x00000000c3b00000, 0x00000000c3c00000|  0%| F|  |TAMS 0x00000000c3b00000, 0x00000000c3b00000| Untracked 
|  60|0x00000000c3c00000, 0x00000000c3c00000, 0x00000000c3d00000|  0%| F|  |TAMS 0x00000000c3c00000, 0x00000000c3c00000| Untracked 
|  61|0x00000000c3d00000, 0x00000000c3d00000, 0x00000000c3e00000|  0%| F|  |TAMS 0x00000000c3d00000, 0x00000000c3d00000| Untracked 
|  62|0x00000000c3e00000, 0x00000000c3e00000, 0x00000000c3f00000|  0%| F|  |TAMS 0x00000000c3e00000, 0x00000000c3e00000| Untracked 
|  63|0x00000000c3f00000, 0x00000000c3f00000, 0x00000000c4000000|  0%| F|  |TAMS 0x00000000c3f00000, 0x00000000c3f00000| Untracked 
|  64|0x00000000c4000000, 0x00000000c4000000, 0x00000000c4100000|  0%| F|  |TAMS 0x00000000c4000000, 0x00000000c4000000| Untracked 
|  65|0x00000000c4100000, 0x00000000c4100000, 0x00000000c4200000|  0%| F|  |TAMS 0x00000000c4100000, 0x00000000c4100000| Untracked 
|  66|0x00000000c4200000, 0x00000000c4200000, 0x00000000c4300000|  0%| F|  |TAMS 0x00000000c4200000, 0x00000000c4200000| Untracked 
|  67|0x00000000c4300000, 0x00000000c4300000, 0x00000000c4400000|  0%| F|  |TAMS 0x00000000c4300000, 0x00000000c4300000| Untracked 
|  68|0x00000000c4400000, 0x00000000c4400000, 0x00000000c4500000|  0%| F|  |TAMS 0x00000000c4400000, 0x00000000c4400000| Untracked 
|  69|0x00000000c4500000, 0x00000000c4500000, 0x00000000c4600000|  0%| F|  |TAMS 0x00000000c4500000, 0x00000000c4500000| Untracked 
|  70|0x00000000c4600000, 0x00000000c4600000, 0x00000000c4700000|  0%| F|  |TAMS 0x00000000c4600000, 0x00000000c4600000| Untracked 
|  71|0x00000000c4700000, 0x00000000c4700000, 0x00000000c4800000|  0%| F|  |TAMS 0x00000000c4700000, 0x00000000c4700000| Untracked 
|  72|0x00000000c4800000, 0x00000000c4800000, 0x00000000c4900000|  0%| F|  |TAMS 0x00000000c4800000, 0x00000000c4800000| Untracked 
|  73|0x00000000c4900000, 0x00000000c4900000, 0x00000000c4a00000|  0%| F|  |TAMS 0x00000000c4900000, 0x00000000c4900000| Untracked 
|  74|0x00000000c4a00000, 0x00000000c4a00000, 0x00000000c4b00000|  0%| F|  |TAMS 0x00000000c4a00000, 0x00000000c4a00000| Untracked 
|  75|0x00000000c4b00000, 0x00000000c4b00000, 0x00000000c4c00000|  0%| F|  |TAMS 0x00000000c4b00000, 0x00000000c4b00000| Untracked 
|  76|0x00000000c4c00000, 0x00000000c4c00000, 0x00000000c4d00000|  0%| F|  |TAMS 0x00000000c4c00000, 0x00000000c4c00000| Untracked 
|  77|0x00000000c4d00000, 0x00000000c4d00000, 0x00000000c4e00000|  0%| F|  |TAMS 0x00000000c4d00000, 0x00000000c4d00000| Untracked 
|  78|0x00000000c4e00000, 0x00000000c4e00000, 0x00000000c4f00000|  0%| F|  |TAMS 0x00000000c4e00000, 0x00000000c4e00000| Untracked 
|  79|0x00000000c4f00000, 0x00000000c4f00000, 0x00000000c5000000|  0%| F|  |TAMS 0x00000000c4f00000, 0x00000000c4f00000| Untracked 
|  80|0x00000000c5000000, 0x00000000c5000000, 0x00000000c5100000|  0%| F|  |TAMS 0x00000000c5000000, 0x00000000c5000000| Untracked 
|  81|0x00000000c5100000, 0x00000000c5100000, 0x00000000c5200000|  0%| F|  |TAMS 0x00000000c5100000, 0x00000000c5100000| Untracked 
|  82|0x00000000c5200000, 0x00000000c5200000, 0x00000000c5300000|  0%| F|  |TAMS 0x00000000c5200000, 0x00000000c5200000| Untracked 
|  83|0x00000000c5300000, 0x00000000c5300000, 0x00000000c5400000|  0%| F|  |TAMS 0x00000000c5300000, 0x00000000c5300000| Untracked 
|  84|0x00000000c5400000, 0x00000000c5400000, 0x00000000c5500000|  0%| F|  |TAMS 0x00000000c5400000, 0x00000000c5400000| Untracked 
|  85|0x00000000c5500000, 0x00000000c5500000, 0x00000000c5600000|  0%| F|  |TAMS 0x00000000c5500000, 0x00000000c5500000| Untracked 
|  86|0x00000000c5600000, 0x00000000c5600000, 0x00000000c5700000|  0%| F|  |TAMS 0x00000000c5600000, 0x00000000c5600000| Untracked 
|  87|0x00000000c5700000, 0x00000000c5700000, 0x00000000c5800000|  0%| F|  |TAMS 0x00000000c5700000, 0x00000000c5700000| Untracked 
|  88|0x00000000c5800000, 0x00000000c5800000, 0x00000000c5900000|  0%| F|  |TAMS 0x00000000c5800000, 0x00000000c5800000| Untracked 
|  89|0x00000000c5900000, 0x00000000c5900000, 0x00000000c5a00000|  0%| F|  |TAMS 0x00000000c5900000, 0x00000000c5900000| Untracked 
|  90|0x00000000c5a00000, 0x00000000c5a00000, 0x00000000c5b00000|  0%| F|  |TAMS 0x00000000c5a00000, 0x00000000c5a00000| Untracked 
|  91|0x00000000c5b00000, 0x00000000c5b00000, 0x00000000c5c00000|  0%| F|  |TAMS 0x00000000c5b00000, 0x00000000c5b00000| Untracked 
|  92|0x00000000c5c00000, 0x00000000c5c00000, 0x00000000c5d00000|  0%| F|  |TAMS 0x00000000c5c00000, 0x00000000c5c00000| Untracked 
|  93|0x00000000c5d00000, 0x00000000c5d00000, 0x00000000c5e00000|  0%| F|  |TAMS 0x00000000c5d00000, 0x00000000c5d00000| Untracked 
|  94|0x00000000c5e00000, 0x00000000c5e00000, 0x00000000c5f00000|  0%| F|  |TAMS 0x00000000c5e00000, 0x00000000c5e00000| Untracked 
|  95|0x00000000c5f00000, 0x00000000c5f00000, 0x00000000c6000000|  0%| F|  |TAMS 0x00000000c5f00000, 0x00000000c5f00000| Untracked 
|  96|0x00000000c6000000, 0x00000000c6000000, 0x00000000c6100000|  0%| F|  |TAMS 0x00000000c6000000, 0x00000000c6000000| Untracked 
|  97|0x00000000c6100000, 0x00000000c6100000, 0x00000000c6200000|  0%| F|  |TAMS 0x00000000c6100000, 0x00000000c6100000| Untracked 
|  98|0x00000000c6200000, 0x00000000c6200000, 0x00000000c6300000|  0%| F|  |TAMS 0x00000000c6200000, 0x00000000c6200000| Untracked 
|  99|0x00000000c6300000, 0x00000000c6300000, 0x00000000c6400000|  0%| F|  |TAMS 0x00000000c6300000, 0x00000000c6300000| Untracked 
| 100|0x00000000c6400000, 0x00000000c6400000, 0x00000000c6500000|  0%| F|  |TAMS 0x00000000c6400000, 0x00000000c6400000| Untracked 
| 101|0x00000000c6500000, 0x00000000c6500000, 0x00000000c6600000|  0%| F|  |TAMS 0x00000000c6500000, 0x00000000c6500000| Untracked 
| 102|0x00000000c6600000, 0x00000000c6600000, 0x00000000c6700000|  0%| F|  |TAMS 0x00000000c6600000, 0x00000000c6600000| Untracked 
| 103|0x00000000c6700000, 0x00000000c6700000, 0x00000000c6800000|  0%| F|  |TAMS 0x00000000c6700000, 0x00000000c6700000| Untracked 
| 104|0x00000000c6800000, 0x00000000c6800000, 0x00000000c6900000|  0%| F|  |TAMS 0x00000000c6800000, 0x00000000c6800000| Untracked 
| 105|0x00000000c6900000, 0x00000000c6900000, 0x00000000c6a00000|  0%| F|  |TAMS 0x00000000c6900000, 0x00000000c6900000| Untracked 
| 106|0x00000000c6a00000, 0x00000000c6a00000, 0x00000000c6b00000|  0%| F|  |TAMS 0x00000000c6a00000, 0x00000000c6a00000| Untracked 
| 107|0x00000000c6b00000, 0x00000000c6b00000, 0x00000000c6c00000|  0%| F|  |TAMS 0x00000000c6b00000, 0x00000000c6b00000| Untracked 
| 108|0x00000000c6c00000, 0x00000000c6c00000, 0x00000000c6d00000|  0%| F|  |TAMS 0x00000000c6c00000, 0x00000000c6c00000| Untracked 
| 109|0x00000000c6d00000, 0x00000000c6d00000, 0x00000000c6e00000|  0%| F|  |TAMS 0x00000000c6d00000, 0x00000000c6d00000| Untracked 
| 110|0x00000000c6e00000, 0x00000000c6e00000, 0x00000000c6f00000|  0%| F|  |TAMS 0x00000000c6e00000, 0x00000000c6e00000| Untracked 
| 111|0x00000000c6f00000, 0x00000000c6f00000, 0x00000000c7000000|  0%| F|  |TAMS 0x00000000c6f00000, 0x00000000c6f00000| Untracked 
| 112|0x00000000c7000000, 0x00000000c7000000, 0x00000000c7100000|  0%| F|  |TAMS 0x00000000c7000000, 0x00000000c7000000| Untracked 
| 113|0x00000000c7100000, 0x00000000c7100000, 0x00000000c7200000|  0%| F|  |TAMS 0x00000000c7100000, 0x00000000c7100000| Untracked 
| 114|0x00000000c7200000, 0x00000000c7200000, 0x00000000c7300000|  0%| F|  |TAMS 0x00000000c7200000, 0x00000000c7200000| Untracked 
| 115|0x00000000c7300000, 0x00000000c7300000, 0x00000000c7400000|  0%| F|  |TAMS 0x00000000c7300000, 0x00000000c7300000| Untracked 
| 116|0x00000000c7400000, 0x00000000c7400000, 0x00000000c7500000|  0%| F|  |TAMS 0x00000000c7400000, 0x00000000c7400000| Untracked 
| 117|0x00000000c7500000, 0x00000000c7500000, 0x00000000c7600000|  0%| F|  |TAMS 0x00000000c7500000, 0x00000000c7500000| Untracked 
| 118|0x00000000c7600000, 0x00000000c7600000, 0x00000000c7700000|  0%| F|  |TAMS 0x00000000c7600000, 0x00000000c7600000| Untracked 
| 119|0x00000000c7700000, 0x00000000c7700000, 0x00000000c7800000|  0%| F|  |TAMS 0x00000000c7700000, 0x00000000c7700000| Untracked 
| 120|0x00000000c7800000, 0x00000000c7800000, 0x00000000c7900000|  0%| F|  |TAMS 0x00000000c7800000, 0x00000000c7800000| Untracked 
| 121|0x00000000c7900000, 0x00000000c7900000, 0x00000000c7a00000|  0%| F|  |TAMS 0x00000000c7900000, 0x00000000c7900000| Untracked 
| 122|0x00000000c7a00000, 0x00000000c7a00000, 0x00000000c7b00000|  0%| F|  |TAMS 0x00000000c7a00000, 0x00000000c7a00000| Untracked 
| 123|0x00000000c7b00000, 0x00000000c7b00000, 0x00000000c7c00000|  0%| F|  |TAMS 0x00000000c7b00000, 0x00000000c7b00000| Untracked 
| 124|0x00000000c7c00000, 0x00000000c7c00000, 0x00000000c7d00000|  0%| F|  |TAMS 0x00000000c7c00000, 0x00000000c7c00000| Untracked 
| 125|0x00000000c7d00000, 0x00000000c7d00000, 0x00000000c7e00000|  0%| F|  |TAMS 0x00000000c7d00000, 0x00000000c7d00000| Untracked 
| 126|0x00000000c7e00000, 0x00000000c7e377a8, 0x00000000c7f00000| 21%| E|  |TAMS 0x00000000c7e00000, 0x00000000c7e00000| Complete 

Card table byte_map: [0x00000213708f0000,0x0000021370af0000] _byte_map_base: 0x00000213702f0000

Marking Bits (Prev, Next): (CMBitMap*) 0x000002136ac97620, (CMBitMap*) 0x000002136ac975e0
 Prev Bits: [0x0000021371cf0000, 0x0000021372cf0000)
 Next Bits: [0x0000021370cf0000, 0x0000021371cf0000)

Polling page: 0x0000021368bf0000

Metaspace:

Usage:
  Non-class:     51.27 MB used.
      Class:      7.32 MB used.
       Both:     58.60 MB used.

Virtual space:
  Non-class space:       64.00 MB reserved,      51.50 MB ( 80%) committed,  1 nodes.
      Class space:        1.00 GB reserved,       7.50 MB ( <1%) committed,  1 nodes.
             Both:        1.06 GB reserved,      59.00 MB (  5%) committed. 

Chunk freelists:
   Non-Class:  12.48 MB
       Class:  8.42 MB
        Both:  20.90 MB

MaxMetaspaceSize: unlimited
CompressedClassSpaceSize: 1.00 GB
Initial GC threshold: 21.00 MB
Current GC threshold: 98.38 MB
CDS: off
MetaspaceReclaimPolicy: balanced
 - commit_granule_bytes: 65536.
 - commit_granule_words: 8192.
 - virtual_space_node_default_size: 8388608.
 - enlarge_chunks_in_place: 1.
 - new_chunks_are_fully_committed: 0.
 - uncommit_free_chunks: 1.
 - use_allocation_guard: 0.
 - handle_deallocations: 1.


Internal statistics:

num_allocs_failed_limit: 8.
num_arena_births: 690.
num_arena_deaths: 222.
num_vsnodes_births: 2.
num_vsnodes_deaths: 0.
num_space_committed: 944.
num_space_uncommitted: 0.
num_chunks_returned_to_freelist: 268.
num_chunks_taken_from_freelist: 2682.
num_chunk_merges: 84.
num_chunk_splits: 1766.
num_chunks_enlarged: 1339.
num_inconsistent_stats: 0.

CodeCache: size=49152Kb used=13862Kb max_used=14425Kb free=35289Kb
 bounds [0x000002136d8f0000, 0x000002136e710000, 0x00000213708f0000]
 total_blobs=8151 nmethods=7473 adapters=601
 compilation: enabled
              stopped_count=0, restarted_count=0
 full_count=0

Compilation events (20 events):
Event: 45231.780 Thread 0x00000213752149e0 7475       1       org.eclipse.jdt.internal.compiler.lookup.SyntheticMethodBinding::sourceLambda (5 bytes)
Event: 45231.781 Thread 0x00000213752149e0 nmethod 7475 0x000002136e5eba10 code [0x000002136e5ebba0, 0x000002136e5ebc78]
Event: 45231.781 Thread 0x00000213752149e0 7465       1       org.eclipse.jdt.internal.compiler.lookup.InferenceVariable::<init> (118 bytes)
Event: 45231.782 Thread 0x00000213752149e0 nmethod 7465 0x000002136e5eb310 code [0x000002136e5eb4e0, 0x000002136e5eb878]
Event: 45231.782 Thread 0x00000213752149e0 7474       1       org.eclipse.jdt.internal.compiler.ast.LambdaExpression::body (5 bytes)
Event: 45231.783 Thread 0x00000213752149e0 nmethod 7474 0x000002136e5eaf90 code [0x000002136e5eb120, 0x000002136e5eb1f8]
Event: 45231.783 Thread 0x00000213752149e0 7472       1       org.eclipse.jdt.internal.compiler.codegen.CodeStream::isDefinitelyAssigned (123 bytes)
Event: 45231.785 Thread 0x00000213752149e0 nmethod 7472 0x000002136e677d10 code [0x000002136e677f00, 0x000002136e678338]
Event: 45231.785 Thread 0x00000213752149e0 7463       1       org.eclipse.jdt.internal.compiler.lookup.Scope::findField (11 bytes)
Event: 45231.785 Thread 0x00000213752149e0 nmethod 7463 0x000002136e678590 code [0x000002136e678720, 0x000002136e678808]
Event: 45231.785 Thread 0x00000213752149e0 7473       1       org.eclipse.jdt.internal.compiler.lookup.ClassScope::referenceType (5 bytes)
Event: 45231.785 Thread 0x00000213752149e0 nmethod 7473 0x000002136e678890 code [0x000002136e678a20, 0x000002136e678af8]
Event: 45231.790 Thread 0x000002137bca9af0 7476       1       org.eclipse.jdt.internal.compiler.lookup.ParameterizedTypeBinding::signature (23 bytes)
Event: 45231.791 Thread 0x000002137bca9af0 nmethod 7476 0x000002136e705910 code [0x000002136e705aa0, 0x000002136e705be8]
Event: 45231.802 Thread 0x000002137bca9af0 7477       1       org.eclipse.jdt.core.dom.VariableDeclarationFragment::getNodeType0 (3 bytes)
Event: 45231.802 Thread 0x000002137bca9af0 nmethod 7477 0x000002136e705c90 code [0x000002136e705e20, 0x000002136e705ef8]
Event: 45231.803 Thread 0x000002137bca9af0 7478       1       org.eclipse.jdt.core.dom.StringLiteral::getNodeType0 (3 bytes)
Event: 45231.804 Thread 0x000002137bca9af0 nmethod 7478 0x000002136e705f90 code [0x000002136e706120, 0x000002136e7061f8]
Event: 45231.806 Thread 0x000002137bca9af0 7479       1       java.util.Objects::requireNonNullElse (15 bytes)
Event: 45231.806 Thread 0x000002137bca9af0 nmethod 7479 0x000002136e706290 code [0x000002136e706420, 0x000002136e706568]

GC Heap History (20 events):
Event: 45496.160 GC heap before
{Heap before GC invocations=1394 (full 1377):
 garbage-first heap   total 130048K, used 38613K [0x00000000c0000000, 0x0000000100000000)
  region size 1024K, 1 young (1024K), 0 survivors (0K)
 Metaspace       used 60001K, committed 60416K, reserved 1114112K
  class space    used 7497K, committed 7680K, reserved 1048576K
}
Event: 45496.218 GC heap after
{Heap after GC invocations=1395 (full 1378):
 garbage-first heap   total 130048K, used 38613K [0x00000000c0000000, 0x0000000100000000)
  region size 1024K, 0 young (0K), 0 survivors (0K)
 Metaspace       used 60001K, committed 60416K, reserved 1114112K
  class space    used 7497K, committed 7680K, reserved 1048576K
}
Event: 45507.148 GC heap before
{Heap before GC invocations=1395 (full 1378):
 garbage-first heap   total 130048K, used 38613K [0x00000000c0000000, 0x0000000100000000)
  region size 1024K, 1 young (1024K), 0 survivors (0K)
 Metaspace       used 60001K, committed 60416K, reserved 1114112K
  class space    used 7497K, committed 7680K, reserved 1048576K
}
Event: 45507.211 GC heap after
{Heap after GC invocations=1396 (full 1379):
 garbage-first heap   total 130048K, used 38613K [0x00000000c0000000, 0x0000000100000000)
  region size 1024K, 0 young (0K), 0 survivors (0K)
 Metaspace       used 60001K, committed 60416K, reserved 1114112K
  class space    used 7497K, committed 7680K, reserved 1048576K
}
Event: 45518.161 GC heap before
{Heap before GC invocations=1396 (full 1379):
 garbage-first heap   total 130048K, used 38613K [0x00000000c0000000, 0x0000000100000000)
  region size 1024K, 1 young (1024K), 0 survivors (0K)
 Metaspace       used 60001K, committed 60416K, reserved 1114112K
  class space    used 7497K, committed 7680K, reserved 1048576K
}
Event: 45518.234 GC heap after
{Heap after GC invocations=1397 (full 1380):
 garbage-first heap   total 130048K, used 38613K [0x00000000c0000000, 0x0000000100000000)
  region size 1024K, 0 young (0K), 0 survivors (0K)
 Metaspace       used 60001K, committed 60416K, reserved 1114112K
  class space    used 7497K, committed 7680K, reserved 1048576K
}
Event: 45528.922 GC heap before
{Heap before GC invocations=1397 (full 1380):
 garbage-first heap   total 130048K, used 38613K [0x00000000c0000000, 0x0000000100000000)
  region size 1024K, 1 young (1024K), 0 survivors (0K)
 Metaspace       used 60001K, committed 60416K, reserved 1114112K
  class space    used 7497K, committed 7680K, reserved 1048576K
}
Event: 45528.988 GC heap after
{Heap after GC invocations=1398 (full 1381):
 garbage-first heap   total 130048K, used 38613K [0x00000000c0000000, 0x0000000100000000)
  region size 1024K, 0 young (0K), 0 survivors (0K)
 Metaspace       used 60001K, committed 60416K, reserved 1114112K
  class space    used 7497K, committed 7680K, reserved 1048576K
}
Event: 45539.330 GC heap before
{Heap before GC invocations=1398 (full 1381):
 garbage-first heap   total 130048K, used 38613K [0x00000000c0000000, 0x0000000100000000)
  region size 1024K, 1 young (1024K), 0 survivors (0K)
 Metaspace       used 60001K, committed 60416K, reserved 1114112K
  class space    used 7497K, committed 7680K, reserved 1048576K
}
Event: 45539.388 GC heap after
{Heap after GC invocations=1399 (full 1382):
 garbage-first heap   total 130048K, used 38613K [0x00000000c0000000, 0x0000000100000000)
  region size 1024K, 0 young (0K), 0 survivors (0K)
 Metaspace       used 60001K, committed 60416K, reserved 1114112K
  class space    used 7497K, committed 7680K, reserved 1048576K
}
Event: 45549.989 GC heap before
{Heap before GC invocations=1399 (full 1382):
 garbage-first heap   total 130048K, used 38613K [0x00000000c0000000, 0x0000000100000000)
  region size 1024K, 1 young (1024K), 0 survivors (0K)
 Metaspace       used 60001K, committed 60416K, reserved 1114112K
  class space    used 7497K, committed 7680K, reserved 1048576K
}
Event: 45550.059 GC heap after
{Heap after GC invocations=1400 (full 1383):
 garbage-first heap   total 130048K, used 38613K [0x00000000c0000000, 0x0000000100000000)
  region size 1024K, 0 young (0K), 0 survivors (0K)
 Metaspace       used 60001K, committed 60416K, reserved 1114112K
  class space    used 7497K, committed 7680K, reserved 1048576K
}
Event: 45560.870 GC heap before
{Heap before GC invocations=1400 (full 1383):
 garbage-first heap   total 130048K, used 38613K [0x00000000c0000000, 0x0000000100000000)
  region size 1024K, 1 young (1024K), 0 survivors (0K)
 Metaspace       used 60001K, committed 60416K, reserved 1114112K
  class space    used 7497K, committed 7680K, reserved 1048576K
}
Event: 45560.929 GC heap after
{Heap after GC invocations=1401 (full 1384):
 garbage-first heap   total 130048K, used 38613K [0x00000000c0000000, 0x0000000100000000)
  region size 1024K, 0 young (0K), 0 survivors (0K)
 Metaspace       used 60001K, committed 60416K, reserved 1114112K
  class space    used 7497K, committed 7680K, reserved 1048576K
}
Event: 45574.795 GC heap before
{Heap before GC invocations=1401 (full 1384):
 garbage-first heap   total 130048K, used 38613K [0x00000000c0000000, 0x0000000100000000)
  region size 1024K, 1 young (1024K), 0 survivors (0K)
 Metaspace       used 60001K, committed 60416K, reserved 1114112K
  class space    used 7497K, committed 7680K, reserved 1048576K
}
Event: 45574.861 GC heap after
{Heap after GC invocations=1402 (full 1385):
 garbage-first heap   total 130048K, used 38613K [0x00000000c0000000, 0x0000000100000000)
  region size 1024K, 0 young (0K), 0 survivors (0K)
 Metaspace       used 60001K, committed 60416K, reserved 1114112K
  class space    used 7497K, committed 7680K, reserved 1048576K
}
Event: 45621.237 GC heap before
{Heap before GC invocations=1402 (full 1385):
 garbage-first heap   total 130048K, used 38613K [0x00000000c0000000, 0x0000000100000000)
  region size 1024K, 1 young (1024K), 0 survivors (0K)
 Metaspace       used 60001K, committed 60416K, reserved 1114112K
  class space    used 7497K, committed 7680K, reserved 1048576K
}
Event: 45621.308 GC heap after
{Heap after GC invocations=1403 (full 1386):
 garbage-first heap   total 130048K, used 38614K [0x00000000c0000000, 0x0000000100000000)
  region size 1024K, 0 young (0K), 0 survivors (0K)
 Metaspace       used 60001K, committed 60416K, reserved 1114112K
  class space    used 7497K, committed 7680K, reserved 1048576K
}
Event: 45632.637 GC heap before
{Heap before GC invocations=1403 (full 1386):
 garbage-first heap   total 130048K, used 38614K [0x00000000c0000000, 0x0000000100000000)
  region size 1024K, 1 young (1024K), 0 survivors (0K)
 Metaspace       used 60001K, committed 60416K, reserved 1114112K
  class space    used 7497K, committed 7680K, reserved 1048576K
}
Event: 45632.694 GC heap after
{Heap after GC invocations=1404 (full 1387):
 garbage-first heap   total 130048K, used 38614K [0x00000000c0000000, 0x0000000100000000)
  region size 1024K, 0 young (0K), 0 survivors (0K)
 Metaspace       used 60001K, committed 60416K, reserved 1114112K
  class space    used 7497K, committed 7680K, reserved 1048576K
}

Dll operation events (10 events):
Event: 0.042 Loaded shared library c:\Users\os\.vscode\extensions\redhat.java-1.30.0-win32-x64\jre\17.0.10-win32-x86_64\bin\java.dll
Event: 1.831 Loaded shared library C:\Users\os\.vscode\extensions\redhat.java-1.30.0-win32-x64\jre\17.0.10-win32-x86_64\bin\net.dll
Event: 1.834 Loaded shared library C:\Users\os\.vscode\extensions\redhat.java-1.30.0-win32-x64\jre\17.0.10-win32-x86_64\bin\nio.dll
Event: 3.092 Loaded shared library C:\Users\os\.vscode\extensions\redhat.java-1.30.0-win32-x64\jre\17.0.10-win32-x86_64\bin\zip.dll
Event: 32.831 Loaded shared library C:\Users\os\.vscode\extensions\redhat.java-1.30.0-win32-x64\jre\17.0.10-win32-x86_64\bin\jimage.dll
Event: 41.997 Loaded shared library c:\Users\os\.vscode\extensions\redhat.java-1.30.0-win32-x64\jre\17.0.10-win32-x86_64\bin\verify.dll
Event: 54.245 Loaded shared library C:\Users\os\.vscode\extensions\redhat.java-1.30.0-win32-x64\jre\17.0.10-win32-x86_64\bin\management.dll
Event: 54.251 Loaded shared library C:\Users\os\.vscode\extensions\redhat.java-1.30.0-win32-x64\jre\17.0.10-win32-x86_64\bin\management_ext.dll
Event: 57.840 Loaded shared library C:\Users\os\.vscode\extensions\redhat.java-1.30.0-win32-x64\jre\17.0.10-win32-x86_64\bin\sunmscapi.dll
Event: 58.343 Loaded shared library C:\Users\os\.vscode\extensions\redhat.java-1.30.0-win32-x64\jre\17.0.10-win32-x86_64\bin\extnet.dll

Deoptimization events (12 events):
Event: 56.343 Thread 0x000002137ac81520 DEOPT PACKING pc=0x000002136de23981 sp=0x000000dfcbdfd990
Event: 56.344 Thread 0x000002137ac81520 DEOPT UNPACKING pc=0x000002136d947143 sp=0x000000dfcbdfce20 mode 3
Event: 56.455 Thread 0x0000021375d42d00 DEOPT PACKING pc=0x000002136de02217 sp=0x000000dfcc7fed50
Event: 56.455 Thread 0x0000021375d42d00 DEOPT UNPACKING pc=0x000002136d947143 sp=0x000000dfcc7fe1a8 mode 3
Event: 58.077 Thread 0x000002137ad74ae0 DEOPT PACKING pc=0x000002136daf438c sp=0x000000dfcd4faa70
Event: 58.077 Thread 0x000002137ad74ae0 DEOPT UNPACKING pc=0x000002136d947143 sp=0x000000dfcd4f9f38 mode 0
Event: 58.982 Thread 0x0000021375d3ff70 DEOPT PACKING pc=0x000002136dfc7ea4 sp=0x000000dfcccfef30
Event: 58.982 Thread 0x0000021375d418c0 DEOPT PACKING pc=0x000002136dfc7ea4 sp=0x000000dfcc9fefb0
Event: 58.982 Thread 0x0000021375d3ff70 DEOPT UNPACKING pc=0x000002136d947143 sp=0x000000dfcccfe418 mode 0
Event: 58.982 Thread 0x0000021375d418c0 DEOPT UNPACKING pc=0x000002136d947143 sp=0x000000dfcc9fe498 mode 0
Event: 31638.769 Thread 0x000002137ac81520 DEOPT PACKING pc=0x000002136df004d4 sp=0x000000dfcbdfec60
Event: 31638.769 Thread 0x000002137ac81520 DEOPT UNPACKING pc=0x000002136d947143 sp=0x000000dfcbdfe0e8 mode 0

Classes unloaded (20 events):
Event: 175.740 Thread 0x00000213751b88b0 Unloading class 0x0000000100095c00 'java/lang/invoke/LambdaForm$MH+0x0000000100095c00'
Event: 175.740 Thread 0x00000213751b88b0 Unloading class 0x0000000100095800 'java/lang/invoke/LambdaForm$MH+0x0000000100095800'
Event: 175.740 Thread 0x00000213751b88b0 Unloading class 0x0000000100095400 'java/lang/invoke/LambdaForm$MH+0x0000000100095400'
Event: 175.740 Thread 0x00000213751b88b0 Unloading class 0x0000000100095000 'java/lang/invoke/LambdaForm$MH+0x0000000100095000'
Event: 175.740 Thread 0x00000213751b88b0 Unloading class 0x0000000100094c00 'java/lang/invoke/LambdaForm$MH+0x0000000100094c00'
Event: 175.740 Thread 0x00000213751b88b0 Unloading class 0x0000000100094800 'java/lang/invoke/LambdaForm$MH+0x0000000100094800'
Event: 175.740 Thread 0x00000213751b88b0 Unloading class 0x0000000100094400 'java/lang/invoke/LambdaForm$MH+0x0000000100094400'
Event: 175.740 Thread 0x00000213751b88b0 Unloading class 0x000000010008e800 'java/lang/invoke/LambdaForm$MH+0x000000010008e800'
Event: 175.740 Thread 0x00000213751b88b0 Unloading class 0x000000010008e400 'java/lang/invoke/LambdaForm$MH+0x000000010008e400'
Event: 175.740 Thread 0x00000213751b88b0 Unloading class 0x000000010008e000 'java/lang/invoke/LambdaForm$MH+0x000000010008e000'
Event: 175.740 Thread 0x00000213751b88b0 Unloading class 0x000000010008dc00 'java/lang/invoke/LambdaForm$MH+0x000000010008dc00'
Event: 175.740 Thread 0x00000213751b88b0 Unloading class 0x000000010008d800 'java/lang/invoke/LambdaForm$MH+0x000000010008d800'
Event: 175.740 Thread 0x00000213751b88b0 Unloading class 0x000000010008d400 'java/lang/invoke/LambdaForm$MH+0x000000010008d400'
Event: 175.740 Thread 0x00000213751b88b0 Unloading class 0x000000010008cc00 'java/lang/invoke/LambdaForm$MH+0x000000010008cc00'
Event: 175.740 Thread 0x00000213751b88b0 Unloading class 0x000000010008c800 'java/lang/invoke/LambdaForm$MH+0x000000010008c800'
Event: 175.740 Thread 0x00000213751b88b0 Unloading class 0x000000010008c000 'java/lang/invoke/LambdaForm$MH+0x000000010008c000'
Event: 175.740 Thread 0x00000213751b88b0 Unloading class 0x000000010008bc00 'java/lang/invoke/LambdaForm$MH+0x000000010008bc00'
Event: 31767.425 Thread 0x00000213751b88b0 Unloading class 0x00000001003b4800 'java/lang/invoke/LambdaForm$MH+0x00000001003b4800'
Event: 31767.425 Thread 0x00000213751b88b0 Unloading class 0x0000000100559000 'java/lang/invoke/LambdaForm$MH+0x0000000100559000'
Event: 31767.425 Thread 0x00000213751b88b0 Unloading class 0x0000000100559800 'java/lang/invoke/LambdaForm$MH+0x0000000100559800'

Classes redefined (0 events):
No events

Internal exceptions (20 events):
Event: 59.558 Thread 0x0000021375d43210 Exception <a 'sun/nio/fs/WindowsException'{0x00000000c6b93b30}> (0x00000000c6b93b30) 
thrown [s\src\hotspot\share\prims\jni.cpp, line 516]
Event: 59.558 Thread 0x0000021375d43210 Exception <a 'sun/nio/fs/WindowsException'{0x00000000c6b94438}> (0x00000000c6b94438) 
thrown [s\src\hotspot\share\prims\jni.cpp, line 516]
Event: 59.558 Thread 0x0000021375d43210 Exception <a 'sun/nio/fs/WindowsException'{0x00000000c6b94d58}> (0x00000000c6b94d58) 
thrown [s\src\hotspot\share\prims\jni.cpp, line 516]
Event: 59.559 Thread 0x0000021375d43210 Exception <a 'sun/nio/fs/WindowsException'{0x00000000c6b95758}> (0x00000000c6b95758) 
thrown [s\src\hotspot\share\prims\jni.cpp, line 516]
Event: 59.559 Thread 0x0000021375d43210 Exception <a 'sun/nio/fs/WindowsException'{0x00000000c6b961e0}> (0x00000000c6b961e0) 
thrown [s\src\hotspot\share\prims\jni.cpp, line 516]
Event: 59.588 Thread 0x0000021375d43210 Exception <a 'sun/nio/fs/WindowsException'{0x00000000c6a073e0}> (0x00000000c6a073e0) 
thrown [s\src\hotspot\share\prims\jni.cpp, line 516]
Event: 61.151 Thread 0x000002137ad76940 Exception <a 'java/lang/NoSuchMethodError'{0x00000000c66d40b0}: 'java.lang.Object java.lang.invoke.DirectMethodHandle$Holder.newInvokeSpecial(java.lang.Object, java.lang.Object, java.lang.Object, java.lang.Object, java.lang.Object, long)'> (0x00000000c66d40b0) 
thrown [s\src\hotspot\share\interpreter\linkResolver.cpp, line 759]
Event: 61.151 Thread 0x000002137ad76940 Exception <a 'java/lang/NoSuchMethodError'{0x00000000c66d8720}: 'java.lang.Object java.lang.invoke.DirectMethodHandle$Holder.invokeSpecial(java.lang.Object, java.lang.Object, java.lang.Object, java.lang.Object, java.lang.Object, java.lang.Object, long)'> (0x00000000c66d8720) 
thrown [s\src\hotspot\share\interpreter\linkResolver.cpp, line 759]
Event: 61.212 Thread 0x000002137ad71840 Exception <a 'java/lang/NoSuchMethodError'{0x00000000c6367aa8}: 'java.lang.Object java.lang.invoke.DirectMethodHandle$Holder.newInvokeSpecial(java.lang.Object, java.lang.Object, java.lang.Object, java.lang.Object, int)'> (0x00000000c6367aa8) 
thrown [s\src\hotspot\share\interpreter\linkResolver.cpp, line 759]
Event: 61.212 Thread 0x000002137ad71840 Exception <a 'java/lang/NoSuchMethodError'{0x00000000c636c180}: 'java.lang.Object java.lang.invoke.DirectMethodHandle$Holder.invokeSpecial(java.lang.Object, java.lang.Object, java.lang.Object, java.lang.Object, java.lang.Object, int)'> (0x00000000c636c180) 
thrown [s\src\hotspot\share\interpreter\linkResolver.cpp, line 759]
Event: 61.212 Thread 0x000002137ad71840 Exception <a 'java/lang/NoSuchMethodError'{0x00000000c636ff10}: 'java.lang.Object java.lang.invoke.Invokers$Holder.linkToTargetMethod(java.lang.Object, java.lang.Object, java.lang.Object, int, java.lang.Object)'> (0x00000000c636ff10) 
thrown [s\src\hotspot\share\interpreter\linkResolver.cpp, line 759]
Event: 94.177 Thread 0x000002137a1df330 Exception <a 'java/lang/NoSuchMethodError'{0x00000000c5c02a88}: 'void java.lang.invoke.DirectMethodHandle$Holder.invokeStatic(java.lang.Object, long)'> (0x00000000c5c02a88) 
thrown [s\src\hotspot\share\interpreter\linkResolver.cpp, line 759]
Event: 94.177 Thread 0x000002137a1df330 Exception <a 'java/lang/NoSuchMethodError'{0x00000000c5c07e38}: 'java.lang.Object java.lang.invoke.DirectMethodHandle$Holder.newInvokeSpecial(java.lang.Object, long)'> (0x00000000c5c07e38) 
thrown [s\src\hotspot\share\interpreter\linkResolver.cpp, line 759]
Event: 217.018 Thread 0x000002137ad71d50 Exception <a 'sun/net/ConnectionResetException'{0x00000000c881e018}: Connection reset> (0x00000000c881e018) 
thrown [s\src\hotspot\share\prims\jni.cpp, line 535]
Event: 217.018 Thread 0x000002137ad740c0 Exception <a 'sun/net/ConnectionResetException'{0x00000000c8840af8}: Connection reset> (0x00000000c8840af8) 
thrown [s\src\hotspot\share\prims\jni.cpp, line 535]
Event: 217.018 Thread 0x000002137ad736a0 Exception <a 'sun/net/ConnectionResetException'{0x00000000c882f668}: Connection reset> (0x00000000c882f668) 
thrown [s\src\hotspot\share\prims\jni.cpp, line 535]
Event: 217.019 Thread 0x000002137ad740c0 Exception <a 'java/io/IOException'{0x00000000c88429a8}: Connection reset by peer> (0x00000000c88429a8) 
thrown [s\src\hotspot\share\prims\jni.cpp, line 535]
Event: 217.019 Thread 0x000002137ad71d50 Exception <a 'java/io/IOException'{0x00000000c8821900}: Connection reset by peer> (0x00000000c8821900) 
thrown [s\src\hotspot\share\prims\jni.cpp, line 535]
Event: 217.019 Thread 0x000002137ad736a0 Exception <a 'java/io/IOException'{0x00000000c8831518}: Connection reset by peer> (0x00000000c8831518) 
thrown [s\src\hotspot\share\prims\jni.cpp, line 535]
Event: 31648.162 Thread 0x000002137ad70910 Exception <a 'java/lang/NoSuchMethodError'{0x00000000c74a3dc0}: 'java.lang.Object java.lang.invoke.DirectMethodHandle$Holder.invokeStatic(java.lang.Object, java.lang.Object, java.lang.Object, java.lang.Object, int)'> (0x00000000c74a3dc0) 
thrown [s\src\hotspot\share\interpreter\linkResolver.cpp, line 759]

VM Operations (20 events):
Event: 45496.218 Executing VM operation: G1CollectFull done
Event: 45507.148 Executing VM operation: G1CollectFull
Event: 45507.211 Executing VM operation: G1CollectFull done
Event: 45518.160 Executing VM operation: G1CollectFull
Event: 45518.234 Executing VM operation: G1CollectFull done
Event: 45528.921 Executing VM operation: G1CollectFull
Event: 45528.988 Executing VM operation: G1CollectFull done
Event: 45539.330 Executing VM operation: G1CollectFull
Event: 45539.388 Executing VM operation: G1CollectFull done
Event: 45549.988 Executing VM operation: G1CollectFull
Event: 45550.059 Executing VM operation: G1CollectFull done
Event: 45560.869 Executing VM operation: G1CollectFull
Event: 45560.930 Executing VM operation: G1CollectFull done
Event: 45574.795 Executing VM operation: G1CollectFull
Event: 45574.862 Executing VM operation: G1CollectFull done
Event: 45621.236 Executing VM operation: G1CollectFull
Event: 45621.308 Executing VM operation: G1CollectFull done
Event: 45632.637 Executing VM operation: G1CollectFull
Event: 45632.694 Executing VM operation: G1CollectFull done
Event: 45645.071 Executing VM operation: G1CollectFull

Events (20 events):
Event: 35399.474 Thread 0x000002137ad76430 Thread added: 0x000002137ad76430
Event: 35399.513 Thread 0x000002137ad71840 Thread added: 0x000002137ad71840
Event: 35459.611 Thread 0x000002137ad71840 Thread exited: 0x000002137ad71840
Event: 35464.157 Thread 0x000002137ad76430 Thread exited: 0x000002137ad76430
Event: 35898.566 Thread 0x000002137ad71840 Thread added: 0x000002137ad71840
Event: 35898.687 Thread 0x000002137ad740c0 Thread added: 0x000002137ad740c0
Event: 35958.780 Thread 0x000002137ad71840 Thread exited: 0x000002137ad71840
Event: 35958.781 Thread 0x000002137ad740c0 Thread exited: 0x000002137ad740c0
Event: 35983.109 Thread 0x000002137ad75500 Thread added: 0x000002137ad75500
Event: 35983.114 Thread 0x000002137ad75f20 Thread added: 0x000002137ad75f20
Event: 36043.156 Thread 0x000002137ad75f20 Thread exited: 0x000002137ad75f20
Event: 36054.140 Thread 0x000002137ad75500 Thread exited: 0x000002137ad75500
Event: 45230.987 Thread 0x000002137ad73190 Thread added: 0x000002137ad73190
Event: 45231.019 Thread 0x000002137ad76430 Thread added: 0x000002137ad76430
Event: 45231.439 Thread 0x000002137ad75f20 Thread added: 0x000002137ad75f20
Event: 45231.768 Thread 0x000002137bca9af0 Thread added: 0x000002137bca9af0
Event: 45236.822 Thread 0x000002137bca9af0 Thread exited: 0x000002137bca9af0
Event: 45291.324 Thread 0x000002137ad73190 Thread exited: 0x000002137ad73190
Event: 45291.809 Thread 0x000002137ad75f20 Thread exited: 0x000002137ad75f20
Event: 45315.637 Thread 0x000002137ad76430 Thread exited: 0x000002137ad76430


Dynamic libraries:
0x00007ff6bff60000 - 0x00007ff6bff6e000 	c:\Users\os\.vscode\extensions\redhat.java-1.30.0-win32-x64\jre\17.0.10-win32-x86_64\bin\java.exe
0x00007ff986cb0000 - 0x00007ff986ea8000 	C:\Windows\SYSTEM32\ntdll.dll
0x00007ff984df0000 - 0x00007ff984ead000 	C:\Windows\System32\KERNEL32.DLL
0x00007ff984700000 - 0x00007ff9849f6000 	C:\Windows\System32\KERNELBASE.dll
0x00007ff984600000 - 0x00007ff984700000 	C:\Windows\System32\ucrtbase.dll
0x00007ff966a70000 - 0x00007ff966a87000 	c:\Users\os\.vscode\extensions\redhat.java-1.30.0-win32-x64\jre\17.0.10-win32-x86_64\bin\jli.dll
0x00007ff985b10000 - 0x00007ff985caf000 	C:\Windows\System32\USER32.dll
0x00007ff984a00000 - 0x00007ff984a22000 	C:\Windows\System32\win32u.dll
0x00007ff985cb0000 - 0x00007ff985cdb000 	C:\Windows\System32\GDI32.dll
0x00007ff984bb0000 - 0x00007ff984cc7000 	C:\Windows\System32\gdi32full.dll
0x00007ff984b10000 - 0x00007ff984bad000 	C:\Windows\System32\msvcp_win.dll
0x00007ff966a50000 - 0x00007ff966a6b000 	c:\Users\os\.vscode\extensions\redhat.java-1.30.0-win32-x64\jre\17.0.10-win32-x86_64\bin\VCRUNTIME140.dll
0x00007ff967a70000 - 0x00007ff967d0a000 	C:\Windows\WinSxS\amd64_microsoft.windows.common-controls_6595b64144ccf1df_6.0.19041.4353_none_60b8e77b71f5fad4\COMCTL32.dll
0x00007ff986bd0000 - 0x00007ff986c6e000 	C:\Windows\System32\msvcrt.dll
0x00007ff9853c0000 - 0x00007ff9853f2000 	C:\Windows\System32\IMM32.DLL
0x00007ff979480000 - 0x00007ff97948c000 	c:\Users\os\.vscode\extensions\redhat.java-1.30.0-win32-x64\jre\17.0.10-win32-x86_64\bin\vcruntime140_1.dll
0x00007ff95b5d0000 - 0x00007ff95b65d000 	c:\Users\os\.vscode\extensions\redhat.java-1.30.0-win32-x64\jre\17.0.10-win32-x86_64\bin\msvcp140.dll
0x00007ff906f20000 - 0x00007ff907b82000 	c:\Users\os\.vscode\extensions\redhat.java-1.30.0-win32-x64\jre\17.0.10-win32-x86_64\bin\server\jvm.dll
0x00007ff985d80000 - 0x00007ff985e31000 	C:\Windows\System32\ADVAPI32.dll
0x00007ff985ce0000 - 0x00007ff985d80000 	C:\Windows\System32\sechost.dll
0x00007ff984f80000 - 0x00007ff9850a3000 	C:\Windows\System32\RPCRT4.dll
0x00007ff984560000 - 0x00007ff984587000 	C:\Windows\System32\bcrypt.dll
0x00007ff9840f0000 - 0x00007ff98413b000 	C:\Windows\SYSTEM32\POWRPROF.dll
0x00007ff977080000 - 0x00007ff977089000 	C:\Windows\SYSTEM32\WSOCK32.dll
0x00007ff985410000 - 0x00007ff98547b000 	C:\Windows\System32\WS2_32.dll
0x00007ff961cb0000 - 0x00007ff961cd7000 	C:\Windows\SYSTEM32\WINMM.dll
0x00007ff97b8c0000 - 0x00007ff97b8ca000 	C:\Windows\SYSTEM32\VERSION.dll
0x00007ff9840d0000 - 0x00007ff9840e2000 	C:\Windows\SYSTEM32\UMPDC.dll
0x00007ff982eb0000 - 0x00007ff982ec2000 	C:\Windows\SYSTEM32\kernel.appcore.dll
0x00007ff977800000 - 0x00007ff97780a000 	c:\Users\os\.vscode\extensions\redhat.java-1.30.0-win32-x64\jre\17.0.10-win32-x86_64\bin\jimage.dll
0x00007ff982920000 - 0x00007ff982b04000 	C:\Windows\SYSTEM32\DBGHELP.DLL
0x00007ff979fb0000 - 0x00007ff979fe4000 	C:\Windows\SYSTEM32\dbgcore.DLL
0x00007ff984a30000 - 0x00007ff984ab2000 	C:\Windows\System32\bcryptPrimitives.dll
0x00007ff9614b0000 - 0x00007ff9614d5000 	c:\Users\os\.vscode\extensions\redhat.java-1.30.0-win32-x64\jre\17.0.10-win32-x86_64\bin\java.dll
0x00007ff95d220000 - 0x00007ff95d238000 	c:\Users\os\.vscode\extensions\redhat.java-1.30.0-win32-x64\jre\17.0.10-win32-x86_64\bin\zip.dll
0x00007ff986460000 - 0x00007ff986bcd000 	C:\Windows\System32\SHELL32.dll
0x00007ff9820c0000 - 0x00007ff98285d000 	C:\Windows\SYSTEM32\windows.storage.dll
0x00007ff986100000 - 0x00007ff986453000 	C:\Windows\System32\combase.dll
0x00007ff983d00000 - 0x00007ff983d2e000 	C:\Windows\SYSTEM32\Wldp.dll
0x00007ff9852f0000 - 0x00007ff9853bd000 	C:\Windows\System32\OLEAUT32.dll
0x00007ff985e40000 - 0x00007ff985eed000 	C:\Windows\System32\SHCORE.dll
0x00007ff985ef0000 - 0x00007ff985f45000 	C:\Windows\System32\shlwapi.dll
0x00007ff984280000 - 0x00007ff9842a4000 	C:\Windows\SYSTEM32\profapi.dll
0x00007ff95d200000 - 0x00007ff95d219000 	C:\Users\os\.vscode\extensions\redhat.java-1.30.0-win32-x64\jre\17.0.10-win32-x86_64\bin\net.dll
0x00007ff977870000 - 0x00007ff97797a000 	C:\Windows\SYSTEM32\WINHTTP.dll
0x00007ff983a60000 - 0x00007ff983aca000 	C:\Windows\system32\mswsock.dll
0x00007ff95d020000 - 0x00007ff95d036000 	C:\Users\os\.vscode\extensions\redhat.java-1.30.0-win32-x64\jre\17.0.10-win32-x86_64\bin\nio.dll
0x00007ff96d070000 - 0x00007ff96d080000 	c:\Users\os\.vscode\extensions\redhat.java-1.30.0-win32-x64\jre\17.0.10-win32-x86_64\bin\verify.dll
0x00007ff983c60000 - 0x00007ff983c78000 	C:\Windows\SYSTEM32\CRYPTSP.dll
0x00007ff983320000 - 0x00007ff983354000 	C:\Windows\system32\rsaenh.dll
0x00007ff9841f0000 - 0x00007ff98421e000 	C:\Windows\SYSTEM32\USERENV.dll
0x00007ff983c50000 - 0x00007ff983c5c000 	C:\Windows\SYSTEM32\CRYPTBASE.dll
0x00007ff983740000 - 0x00007ff98377b000 	C:\Windows\SYSTEM32\IPHLPAPI.DLL
0x00007ff985480000 - 0x00007ff985488000 	C:\Windows\System32\NSI.dll
0x00007ff979330000 - 0x00007ff979347000 	C:\Windows\SYSTEM32\dhcpcsvc6.DLL
0x00007ff979310000 - 0x00007ff97932d000 	C:\Windows\SYSTEM32\dhcpcsvc.DLL
0x00007ff983780000 - 0x00007ff98384b000 	C:\Windows\SYSTEM32\DNSAPI.dll
0x00007ff9670a0000 - 0x00007ff9670a9000 	C:\Users\os\.vscode\extensions\redhat.java-1.30.0-win32-x64\jre\17.0.10-win32-x86_64\bin\management.dll
0x00007ff966c00000 - 0x00007ff966c0b000 	C:\Users\os\.vscode\extensions\redhat.java-1.30.0-win32-x64\jre\17.0.10-win32-x86_64\bin\management_ext.dll
0x00007ff9851a0000 - 0x00007ff9851a8000 	C:\Windows\System32\PSAPI.DLL
0x00007ff966a40000 - 0x00007ff966a4e000 	C:\Users\os\.vscode\extensions\redhat.java-1.30.0-win32-x64\jre\17.0.10-win32-x86_64\bin\sunmscapi.dll
0x00007ff984350000 - 0x00007ff9844ae000 	C:\Windows\System32\CRYPT32.dll
0x00007ff983d70000 - 0x00007ff983d98000 	C:\Windows\SYSTEM32\ncrypt.dll
0x00007ff983d30000 - 0x00007ff983d6b000 	C:\Windows\SYSTEM32\NTASN1.dll
0x00007ff9775e0000 - 0x00007ff9775ea000 	C:\Windows\System32\rasadhlp.dll
0x00007ff977450000 - 0x00007ff9774d0000 	C:\Windows\System32\fwpuclnt.dll
0x00007ff97af10000 - 0x00007ff97af19000 	C:\Users\os\.vscode\extensions\redhat.java-1.30.0-win32-x64\jre\17.0.10-win32-x86_64\bin\extnet.dll

dbghelp: loaded successfully - version: 4.0.5 - missing functions: none
symbol engine: initialized successfully - sym options: 0x614 - pdb path: .;c:\Users\os\.vscode\extensions\redhat.java-1.30.0-win32-x64\jre\17.0.10-win32-x86_64\bin;C:\Windows\SYSTEM32;C:\Windows\WinSxS\amd64_microsoft.windows.common-controls_6595b64144ccf1df_6.0.19041.4353_none_60b8e77b71f5fad4;c:\Users\os\.vscode\extensions\redhat.java-1.30.0-win32-x64\jre\17.0.10-win32-x86_64\bin\server

VM Arguments:
jvm_args: -XX:+HeapDumpOnOutOfMemoryError -Xmx1024m -Dsts.lsp.client=vscode -Dsts.log.file=/dev/null -XX:TieredStopAtLevel=1 -Xlog:jni+resolve=off -Dspring.config.location=file:c:\Users\os\.vscode\extensions\vmware.vscode-spring-boot-1.53.0\language-server\BOOT-INF\classes\application.properties 
java_command: org.springframework.ide.vscode.boot.app.BootLanguageServerBootApp
java_class_path (initial): c:\Users\os\.vscode\extensions\vmware.vscode-spring-boot-1.53.0\language-server\BOOT-INF\classes;c:\Users\os\.vscode\extensions\vmware.vscode-spring-boot-1.53.0\language-server\BOOT-INF\lib\annotations-24.1.0.jar;c:\Users\os\.vscode\extensions\vmware.vscode-spring-boot-1.53.0\language-server\BOOT-INF\lib\antlr4-runtime-4.11.1.jar;c:\Users\os\.vscode\extensions\vmware.vscode-spring-boot-1.53.0\language-server\BOOT-INF\lib\asm-9.6.jar;c:\Users\os\.vscode\extensions\vmware.vscode-spring-boot-1.53.0\language-server\BOOT-INF\lib\asm-analysis-9.6.jar;c:\Users\os\.vscode\extensions\vmware.vscode-spring-boot-1.53.0\language-server\BOOT-INF\lib\asm-tree-9.6.jar;c:\Users\os\.vscode\extensions\vmware.vscode-spring-boot-1.53.0\language-server\BOOT-INF\lib\asm-util-9.6.jar;c:\Users\os\.vscode\extensions\vmware.vscode-spring-boot-1.53.0\language-server\BOOT-INF\lib\caffeine-3.1.8.jar;c:\Users\os\.vscode\extensions\vmware.vscode-spring-boot-1.53.0\language-server\BOOT-INF\lib\checker-qual-3.12.0.jar;c:\Users\os\.vscode\extensions\vmware.vscode-spring-boot-1.53.0\language-server\BOOT-INF\lib\classgraph-4.8.149.jar;c:\Users\os\.vscode\extensions\vmware.vscode-spring-boot-1.53.0\language-server\BOOT-INF\lib\commons-codec-1.16.1.jar;c:\Users\os\.vscode\extensions\vmware.vscode-spring-boot-1.53.0\language-server\BOOT-INF\lib\commons-compress-1.26.0.jar;c:\Users\os\.vscode\extensions\vmware.vscode-spring-boot-1.53.0\language-server\BOOT-INF\lib\commons-io-2.4.jar;c:\Users\os\.vscode\extensions\vmware.vscode-spring-boot-1.53.0\language-server\BOOT-INF\lib\commons-java-1.53.0-SNAPSHOT.jar;c:\Users\os\.vscode\extensions\vmware.vscode-spring-boot-1.53.0\language-server\BOOT-INF\lib\commons-lang3-3.13.0.jar;c:\Users\os\.vscode\extensions\vmware.vscode-spring-boot-1.53.0\language-server\BOOT-INF\lib\commons-language-server-1.53.0-SNAPSHOT.jar;c:\Users\os\.vscode\extensions\vmware.vscode-spring-boot-1.53.0\language-server\BOOT-INF\lib\commons-lsp-extensions-1.53.0-
Launcher Type: SUN_STANDARD

[Global flags]
     intx CICompilerCount                          = 3                                         {product} {ergonomic}
     uint ConcGCThreads                            = 1                                         {product} {ergonomic}
     uint G1ConcRefinementThreads                  = 4                                         {product} {ergonomic}
   size_t G1HeapRegionSize                         = 1048576                                   {product} {ergonomic}
    uintx GCDrainStackTargetSize                   = 64                                        {product} {ergonomic}
     bool HeapDumpOnOutOfMemoryError               = true                                   {manageable} {command line}
   size_t InitialHeapSize                          = 134217728                                 {product} {ergonomic}
   size_t MarkStackSize                            = 4194304                                   {product} {ergonomic}
   size_t MaxHeapSize                              = 1073741824                                {product} {command line}
   size_t MaxNewSize                               = 643825664                                 {product} {ergonomic}
   size_t MinHeapDeltaBytes                        = 1048576                                   {product} {ergonomic}
   size_t MinHeapSize                              = 8388608                                   {product} {ergonomic}
    uintx NonProfiledCodeHeapSize                  = 0                                      {pd product} {ergonomic}
     bool ProfileInterpreter                       = false                                  {pd product} {command line}
    uintx ProfiledCodeHeapSize                     = 0                                      {pd product} {ergonomic}
   size_t SoftMaxHeapSize                          = 1073741824                             {manageable} {ergonomic}
     intx TieredStopAtLevel                        = 1                                         {product} {command line}
     bool UseCompressedClassPointers               = true                           {product lp64_product} {ergonomic}
     bool UseCompressedOops                        = true                           {product lp64_product} {ergonomic}
     bool UseG1GC                                  = true                                      {product} {ergonomic}
     bool UseLargePagesIndividualAllocation        = false                                  {pd product} {ergonomic}

Logging:
Log output configuration:
 #0: stdout all=warning,jni+resolve=off uptime,level,tags
 #1: stderr all=off uptime,level,tags

Environment Variables:
JAVA_HOME=C:\Program Files\Java\jdk-17
PATH=C:\Program Files (x86)\VMware\VMware Player\bin\;C:\Windows\system32;C:\Windows;C:\Windows\System32\Wbem;C:\Windows\System32\WindowsPowerShell\v1.0\;C:\Windows\System32\OpenSSH\;C:\ProgramData\chocolatey\bin;C:\Program Files\nodejs\;C:\Program Files\Git\cmd;C:\Users\os\Downloads\apache-maven-3.9.6-bin;C:\Users\os\AppData\Local\Programs\Python\Python312\Scripts\;C:\Users\os\AppData\Local\Programs\Python\Python312\;C:\Users\os\AppData\Local\Programs\Python\Launcher\;C:\Users\os\AppData\Local\Microsoft\WindowsApps;C:\Users\os\AppData\Local\Programs\Microsoft VS Code\bin;C:\Users\os\AppData\Roaming\npm;C:\Users\os\Downloads\apache-maven-3.9.6-bin;
USERNAME=os
OS=Windows_NT
PROCESSOR_IDENTIFIER=Intel64 Family 6 Model 78 Stepping 3, GenuineIntel
TMP=C:\Users\os\AppData\Local\Temp
TEMP=C:\Users\os\AppData\Local\Temp



Periodic native trim disabled


---------------  S Y S T E M  ---------------

OS:
 Windows 10 , 64 bit Build 19041 (10.0.19041.3636)
OS uptime: 0 days 13:42 hours

CPU: total 4 (initial active 4) (2 cores per cpu, 2 threads per core) family 6 model 78 stepping 3 microcode 0xf0, cx8, cmov, fxsr, ht, mmx, 3dnowpref, sse, sse2, sse3, ssse3, sse4.1, sse4.2, popcnt, lzcnt, tsc, tscinvbit, avx, avx2, aes, erms, clmul, bmi1, bmi2, rtm, adx, fma, vzeroupper, clflush, clflushopt
Processor Information for processor 0
  Max Mhz: 2496, Current Mhz: 2396, Mhz Limit: 2396
Processor Information for processor 1
  Max Mhz: 2496, Current Mhz: 2396, Mhz Limit: 2396
Processor Information for processor 2
  Max Mhz: 2496, Current Mhz: 2396, Mhz Limit: 2396
Processor Information for processor 3
  Max Mhz: 2496, Current Mhz: 1497, Mhz Limit: 2396

Memory: 4k page, system-wide physical 8071M (558M free)
TotalPageFile size 12385M (AvailPageFile size 228M)
current process WorkingSet (physical memory assigned to process): 105M, peak: 258M
current process commit charge ("private bytes"): 289M, peak: 312M

vm_info: OpenJDK 64-Bit Server VM (17.0.10+7) for windows-amd64 JRE (17.0.10+7), built on Jan 16 2024 23:25:11 by "admin" with MS VC++ 16.10 / 16.11 (VS2019)

END.
